2021-04-16 15:38:52,287  INFO (main:test.templates.TestTemplate:beforeSuite:67) - Suite To Be Executed Next -  Default suite
2021-04-16 15:38:52,416  INFO (main:test.templates.TestTemplate:beforeTest:79) - Thread - 1, Executes Next Test - Default test 
2021-04-16 15:38:52,880  INFO (PoolService-0:test.templates.TestTemplate:beforeMethod:98) - Thread - 18 , Executes Next Test Method - validateLoginPage
2021-04-16 15:38:52,884  INFO (PoolService-0:com.testreport.ExtentReporter:initTestCase:94) - ExtentTest Created - com.aventstack.extentreports.ExtentTest@5c7d22cb Created, With Name - Default test-validateLoginPage
2021-04-16 15:38:54,713 ERROR (PoolService-0:test.templates.TestTemplate:beforeMethod:161) - Exception Encountered - session not created: This version of ChromeDriver only supports Chrome version 90
Current browser version is 89.0.4389.128 with binary path C:\Program Files (x86)\Google\Chrome\Application\chrome.exe
Build info: version: '3.8.1', revision: '6e95a6684b', time: '2017-12-01T18:33:54.468Z'
System info: host: 'LAPTOP-32682UQ2', ip: '172.18.176.1', os.name: 'Windows 10', os.arch: 'amd64', os.version: '10.0', java.version: '15.0.2'
Driver info: driver.version: ChromeDriver
remote stacktrace: Backtrace:
	Ordinal0 [0x00E0C013+2474003]
	Ordinal0 [0x00DA29C1+2042305]
	Ordinal0 [0x00CB2F68+1060712]
	Ordinal0 [0x00CD188E+1185934]
	Ordinal0 [0x00CCD600+1168896]
	Ordinal0 [0x00CCAA83+1157763]
	Ordinal0 [0x00CFA2A2+1352354]
	Ordinal0 [0x00CF8FAA+1347498]
	Ordinal0 [0x00CF66DB+1337051]
	Ordinal0 [0x00CD3427+1192999]
	Ordinal0 [0x00CD42EE+1196782]
	Ordinal0 [0x00CD4279+1196665]
	GetHandleVerifier [0x00F996FC+1590332]
	GetHandleVerifier [0x01048614+2306900]
	GetHandleVerifier [0x00E99E93+543699]
	GetHandleVerifier [0x00E992CE+540686]
	Ordinal0 [0x00DA86BA+2066106]
	Ordinal0 [0x00DAD1C8+2085320]
	Ordinal0 [0x00DAD308+2085640]
	Ordinal0 [0x00DB67F3+2123763]
	BaseThreadInitThunk [0x75F0FA29+25]
	RtlGetAppContainerNamedObjectPath [0x779F7C7E+286]
	RtlGetAppContainerNamedObjectPath [0x779F7C4E+238]

2021-04-16 15:38:54,720 ERROR (PoolService-0:com.testreport.ExtentReporter:logException:229) - session not created: This version of ChromeDriver only supports Chrome version 90
Current browser version is 89.0.4389.128 with binary path C:\Program Files (x86)\Google\Chrome\Application\chrome.exe
Build info: version: '3.8.1', revision: '6e95a6684b', time: '2017-12-01T18:33:54.468Z'
System info: host: 'LAPTOP-32682UQ2', ip: '172.18.176.1', os.name: 'Windows 10', os.arch: 'amd64', os.version: '10.0', java.version: '15.0.2'
Driver info: driver.version: ChromeDriver
remote stacktrace: Backtrace:
	Ordinal0 [0x00E0C013+2474003]
	Ordinal0 [0x00DA29C1+2042305]
	Ordinal0 [0x00CB2F68+1060712]
	Ordinal0 [0x00CD188E+1185934]
	Ordinal0 [0x00CCD600+1168896]
	Ordinal0 [0x00CCAA83+1157763]
	Ordinal0 [0x00CFA2A2+1352354]
	Ordinal0 [0x00CF8FAA+1347498]
	Ordinal0 [0x00CF66DB+1337051]
	Ordinal0 [0x00CD3427+1192999]
	Ordinal0 [0x00CD42EE+1196782]
	Ordinal0 [0x00CD4279+1196665]
	GetHandleVerifier [0x00F996FC+1590332]
	GetHandleVerifier [0x01048614+2306900]
	GetHandleVerifier [0x00E99E93+543699]
	GetHandleVerifier [0x00E992CE+540686]
	Ordinal0 [0x00DA86BA+2066106]
	Ordinal0 [0x00DAD1C8+2085320]
	Ordinal0 [0x00DAD308+2085640]
	Ordinal0 [0x00DB67F3+2123763]
	BaseThreadInitThunk [0x75F0FA29+25]
	RtlGetAppContainerNamedObjectPath [0x779F7C7E+286]
	RtlGetAppContainerNamedObjectPath [0x779F7C4E+238]

org.openqa.selenium.SessionNotCreatedException: session not created: This version of ChromeDriver only supports Chrome version 90
Current browser version is 89.0.4389.128 with binary path C:\Program Files (x86)\Google\Chrome\Application\chrome.exe
Build info: version: '3.8.1', revision: '6e95a6684b', time: '2017-12-01T18:33:54.468Z'
System info: host: 'LAPTOP-32682UQ2', ip: '172.18.176.1', os.name: 'Windows 10', os.arch: 'amd64', os.version: '10.0', java.version: '15.0.2'
Driver info: driver.version: ChromeDriver
remote stacktrace: Backtrace:
	Ordinal0 [0x00E0C013+2474003]
	Ordinal0 [0x00DA29C1+2042305]
	Ordinal0 [0x00CB2F68+1060712]
	Ordinal0 [0x00CD188E+1185934]
	Ordinal0 [0x00CCD600+1168896]
	Ordinal0 [0x00CCAA83+1157763]
	Ordinal0 [0x00CFA2A2+1352354]
	Ordinal0 [0x00CF8FAA+1347498]
	Ordinal0 [0x00CF66DB+1337051]
	Ordinal0 [0x00CD3427+1192999]
	Ordinal0 [0x00CD42EE+1196782]
	Ordinal0 [0x00CD4279+1196665]
	GetHandleVerifier [0x00F996FC+1590332]
	GetHandleVerifier [0x01048614+2306900]
	GetHandleVerifier [0x00E99E93+543699]
	GetHandleVerifier [0x00E992CE+540686]
	Ordinal0 [0x00DA86BA+2066106]
	Ordinal0 [0x00DAD1C8+2085320]
	Ordinal0 [0x00DAD308+2085640]
	Ordinal0 [0x00DB67F3+2123763]
	BaseThreadInitThunk [0x75F0FA29+25]
	RtlGetAppContainerNamedObjectPath [0x779F7C7E+286]
	RtlGetAppContainerNamedObjectPath [0x779F7C4E+238]

	at java.base/jdk.internal.reflect.NativeConstructorAccessorImpl.newInstance0(Native Method)
	at java.base/jdk.internal.reflect.NativeConstructorAccessorImpl.newInstance(NativeConstructorAccessorImpl.java:64)
	at java.base/jdk.internal.reflect.DelegatingConstructorAccessorImpl.newInstance(DelegatingConstructorAccessorImpl.java:45)
	at java.base/java.lang.reflect.Constructor.newInstanceWithCaller(Constructor.java:500)
	at java.base/java.lang.reflect.Constructor.newInstance(Constructor.java:481)
	at org.openqa.selenium.remote.W3CHandshakeResponse.lambda$new$0(W3CHandshakeResponse.java:57)
	at org.openqa.selenium.remote.W3CHandshakeResponse.lambda$getResponseFunction$2(W3CHandshakeResponse.java:104)
	at org.openqa.selenium.remote.ProtocolHandshake.lambda$createSession$0(ProtocolHandshake.java:123)
	at java.base/java.util.stream.ReferencePipeline$3$1.accept(ReferencePipeline.java:195)
	at java.base/java.util.Spliterators$ArraySpliterator.tryAdvance(Spliterators.java:958)
	at java.base/java.util.stream.ReferencePipeline.forEachWithCancel(ReferencePipeline.java:127)
	at java.base/java.util.stream.AbstractPipeline.copyIntoWithCancel(AbstractPipeline.java:502)
	at java.base/java.util.stream.AbstractPipeline.copyInto(AbstractPipeline.java:488)
	at java.base/java.util.stream.AbstractPipeline.wrapAndCopyInto(AbstractPipeline.java:474)
	at java.base/java.util.stream.FindOps$FindOp.evaluateSequential(FindOps.java:150)
	at java.base/java.util.stream.AbstractPipeline.evaluate(AbstractPipeline.java:234)
	at java.base/java.util.stream.ReferencePipeline.findFirst(ReferencePipeline.java:543)
	at org.openqa.selenium.remote.ProtocolHandshake.createSession(ProtocolHandshake.java:126)
	at org.openqa.selenium.remote.ProtocolHandshake.createSession(ProtocolHandshake.java:73)
	at org.openqa.selenium.remote.HttpCommandExecutor.execute(HttpCommandExecutor.java:142)
	at org.openqa.selenium.remote.service.DriverCommandExecutor.execute(DriverCommandExecutor.java:83)
	at org.openqa.selenium.remote.RemoteWebDriver.execute(RemoteWebDriver.java:601)
	at org.openqa.selenium.remote.RemoteWebDriver.startSession(RemoteWebDriver.java:219)
	at org.openqa.selenium.remote.RemoteWebDriver.<init>(RemoteWebDriver.java:142)
	at org.openqa.selenium.chrome.ChromeDriver.<init>(ChromeDriver.java:181)
	at org.openqa.selenium.chrome.ChromeDriver.<init>(ChromeDriver.java:168)
	at org.openqa.selenium.chrome.ChromeDriver.<init>(ChromeDriver.java:157)
	at test.templates.TestTemplate.beforeMethod(TestTemplate.java:149)
	at java.base/jdk.internal.reflect.NativeMethodAccessorImpl.invoke0(Native Method)
	at java.base/jdk.internal.reflect.NativeMethodAccessorImpl.invoke(NativeMethodAccessorImpl.java:64)
	at java.base/jdk.internal.reflect.DelegatingMethodAccessorImpl.invoke(DelegatingMethodAccessorImpl.java:43)
	at java.base/java.lang.reflect.Method.invoke(Method.java:564)
	at org.testng.internal.MethodInvocationHelper.invokeMethod(MethodInvocationHelper.java:108)
	at org.testng.internal.Invoker.invokeConfigurationMethod(Invoker.java:523)
	at org.testng.internal.Invoker.invokeConfigurations(Invoker.java:224)
	at org.testng.internal.Invoker.invokeMethod(Invoker.java:599)
	at org.testng.internal.Invoker.invokeTestMethod(Invoker.java:869)
	at org.testng.internal.TestMethodWithDataProviderMethodWorker.call(TestMethodWithDataProviderMethodWorker.java:75)
	at org.testng.internal.TestMethodWithDataProviderMethodWorker.call(TestMethodWithDataProviderMethodWorker.java:14)
	at java.base/java.util.concurrent.FutureTask.run(FutureTask.java:264)
	at java.base/java.util.concurrent.Executors$RunnableAdapter.call(Executors.java:515)
	at java.base/java.util.concurrent.FutureTask.run(FutureTask.java:264)
	at java.base/java.util.concurrent.ThreadPoolExecutor.runWorker(ThreadPoolExecutor.java:1130)
	at java.base/java.util.concurrent.ThreadPoolExecutor$Worker.run(ThreadPoolExecutor.java:630)
	at java.base/java.lang.Thread.run(Thread.java:832)
2021-04-16 15:38:54,724  INFO (PoolService-0:com.testreport.ExtentReporter:logInfo:179) - Thread - 18 , Executes Next Test Method - validateLoginPage
2021-04-16 15:38:54,732 ERROR (PoolService-0:aut.pages.SoftCoLoginPage:login:43) - Exception Encountered - Cannot invoke "org.openqa.selenium.WebDriver.get(String)" because "this.driver" is null
2021-04-16 15:38:54,733 ERROR (PoolService-0:com.testreport.ExtentReporter:logFailure:150) - Step - Class Name - jdk.internal.reflect.NativeMethodAccessorImpl , Method Name - invoke0, Line Number - -2, Exception Encountered - Cannot invoke "org.openqa.selenium.WebDriver.get(String)" because "this.driver" is null Failed
2021-04-16 15:38:54,735  INFO (PoolService-0:test.templates.TestTemplate:afterMethod:173) - Thread - 18 , Completes Executing Test Method - validateLoginPage
2021-04-16 15:38:54,735  INFO (PoolService-0:com.testreport.ExtentReporter:logInfo:179) - Thread - 18 , Completes Executing Test Method - validateLoginPage
2021-04-16 15:38:54,740 ERROR (PoolService-0:aut.pages.templates.PageTemplate:logout:174) - Exception Encountered While Logging Out - null, StackTrace - [Ljava.lang.StackTraceElement;@46591b62
2021-04-16 15:38:54,745 ERROR (PoolService-0:com.testreport.ExtentReporter:logFailure:167) - StepName - logout, StepDescription - Exception Encountered for <mark>logout</mark> Failed, ScreenShot - ErrorScreenshots\Screenshot_1.jpg
2021-04-16 15:38:54,746 ERROR (PoolService-0:test.templates.TestTemplate:afterMethod:180) - Exception Encountered - null, StackTrace - [Ljava.lang.StackTraceElement;@4ee30c23
2021-04-16 15:38:54,746 ERROR (PoolService-0:test.templates.TestTemplate:afterMethod:187) - Exception Encountered - Cannot invoke "org.openqa.selenium.WebDriver.close()" because the return value of "java.lang.ThreadLocal.get()" is null, StackTrace - [Ljava.lang.StackTraceElement;@2cd322f
2021-04-16 15:38:54,747 ERROR (PoolService-0:test.templates.TestTemplate:afterMethod:194) - Exception Encountered - Cannot invoke "org.openqa.selenium.WebDriver.quit()" because the return value of "java.lang.ThreadLocal.get()" is null, StackTrace - [Ljava.lang.StackTraceElement;@1191d77a
2021-04-16 15:38:55,005  INFO (main:test.templates.TestTemplate:afterTest:91) - Test - Default test , Completed
